<?xml version="1.0" encoding="UTF-8"?>
<coverage generated="1603290343">
  <project timestamp="1603290343">
    <file name="Z:\wamp\www\repositories\Navigation\src\MegaMenu.php">
      <class name="Nav\MegaMenu" namespace="global">
        <metrics complexity="45" methods="11" coveredmethods="0" conditionals="0" coveredconditionals="0" statements="84" coveredstatements="0" elements="95" coveredelements="0"/>
      </class>
      <line num="22" type="method" name="setDropDownElement" visibility="public" complexity="2" crap="6" count="0"/>
      <line num="24" type="stmt" count="0"/>
      <line num="25" type="stmt" count="0"/>
      <line num="27" type="stmt" count="0"/>
      <line num="34" type="method" name="getDropDownElement" visibility="public" complexity="1" crap="2" count="0"/>
      <line num="36" type="stmt" count="0"/>
      <line num="39" type="method" name="createNavigation" visibility="public" complexity="6" crap="42" count="0"/>
      <line num="41" type="stmt" count="0"/>
      <line num="42" type="stmt" count="0"/>
      <line num="43" type="stmt" count="0"/>
      <line num="44" type="stmt" count="0"/>
      <line num="45" type="stmt" count="0"/>
      <line num="46" type="stmt" count="0"/>
      <line num="47" type="stmt" count="0"/>
      <line num="48" type="stmt" count="0"/>
      <line num="50" type="stmt" count="0"/>
      <line num="53" type="method" name="getMenuItems" visibility="protected" complexity="6" crap="42" count="0"/>
      <line num="55" type="stmt" count="0"/>
      <line num="56" type="stmt" count="0"/>
      <line num="57" type="stmt" count="0"/>
      <line num="58" type="stmt" count="0"/>
      <line num="59" type="stmt" count="0"/>
      <line num="60" type="stmt" count="0"/>
      <line num="62" type="stmt" count="0"/>
      <line num="63" type="stmt" count="0"/>
      <line num="64" type="stmt" count="0"/>
      <line num="65" type="stmt" count="0"/>
      <line num="66" type="stmt" count="0"/>
      <line num="68" type="stmt" count="0"/>
      <line num="70" type="stmt" count="0"/>
      <line num="71" type="stmt" count="0"/>
      <line num="74" type="stmt" count="0"/>
      <line num="76" type="method" name="buildSubMenu" visibility="protected" complexity="4" crap="20" count="0"/>
      <line num="78" type="stmt" count="0"/>
      <line num="79" type="stmt" count="0"/>
      <line num="80" type="stmt" count="0"/>
      <line num="82" type="stmt" count="0"/>
      <line num="84" type="stmt" count="0"/>
      <line num="85" type="stmt" count="0"/>
      <line num="86" type="stmt" count="0"/>
      <line num="88" type="stmt" count="0"/>
      <line num="89" type="stmt" count="0"/>
      <line num="90" type="stmt" count="0"/>
      <line num="91" type="stmt" count="0"/>
      <line num="94" type="stmt" count="0"/>
      <line num="97" type="method" name="buildColumn" visibility="protected" complexity="3" crap="12" count="0"/>
      <line num="99" type="stmt" count="0"/>
      <line num="100" type="stmt" count="0"/>
      <line num="101" type="stmt" count="0"/>
      <line num="103" type="stmt" count="0"/>
      <line num="104" type="stmt" count="0"/>
      <line num="108" type="method" name="linkArray" visibility="private" complexity="3" crap="12" count="0"/>
      <line num="110" type="stmt" count="0"/>
      <line num="111" type="stmt" count="0"/>
      <line num="112" type="stmt" count="0"/>
      <line num="113" type="stmt" count="0"/>
      <line num="114" type="stmt" count="0"/>
      <line num="117" type="stmt" count="0"/>
      <line num="120" type="method" name="flattenArray" visibility="private" complexity="5" crap="30" count="0"/>
      <line num="122" type="stmt" count="0"/>
      <line num="123" type="stmt" count="0"/>
      <line num="124" type="stmt" count="0"/>
      <line num="125" type="stmt" count="0"/>
      <line num="126" type="stmt" count="0"/>
      <line num="128" type="stmt" count="0"/>
      <line num="130" type="stmt" count="0"/>
      <line num="131" type="stmt" count="0"/>
      <line num="132" type="stmt" count="0"/>
      <line num="133" type="stmt" count="0"/>
      <line num="136" type="stmt" count="0"/>
      <line num="137" type="stmt" count="0"/>
      <line num="139" type="stmt" count="0"/>
      <line num="143" type="method" name="sliceArray" visibility="protected" complexity="4" crap="20" count="0"/>
      <line num="145" type="stmt" count="0"/>
      <line num="146" type="stmt" count="0"/>
      <line num="147" type="stmt" count="0"/>
      <line num="148" type="stmt" count="0"/>
      <line num="150" type="stmt" count="0"/>
      <line num="152" type="stmt" count="0"/>
      <line num="153" type="stmt" count="0"/>
      <line num="154" type="stmt" count="0"/>
      <line num="155" type="stmt" count="0"/>
      <line num="157" type="stmt" count="0"/>
      <line num="160" type="method" name="getLinkItem" visibility="protected" complexity="2" crap="6" count="0"/>
      <line num="162" type="stmt" count="0"/>
      <line num="163" type="stmt" count="0"/>
      <line num="164" type="stmt" count="0"/>
      <line num="165" type="stmt" count="0"/>
      <line num="167" type="stmt" count="0"/>
      <line num="168" type="stmt" count="0"/>
      <line num="170" type="stmt" count="0"/>
      <line num="173" type="method" name="checkIfCurrentLink" visibility="protected" complexity="9" crap="90" count="0"/>
      <line num="175" type="stmt" count="0"/>
      <line num="176" type="stmt" count="0"/>
      <line num="178" type="stmt" count="0"/>
      <metrics loc="180" ncloc="167" classes="1" methods="11" coveredmethods="0" conditionals="0" coveredconditionals="0" statements="84" coveredstatements="0" elements="95" coveredelements="0"/>
    </file>
    <file name="Z:\wamp\www\repositories\Navigation\src\Navigation.php">
      <class name="Nav\Navigation" namespace="global">
        <metrics complexity="127" methods="36" coveredmethods="16" conditionals="0" coveredconditionals="0" statements="150" coveredstatements="51" elements="186" coveredelements="67"/>
      </class>
      <line num="111" type="method" name="__construct" visibility="public" complexity="1" crap="1" count="14"/>
      <line num="113" type="stmt" count="14"/>
      <line num="114" type="stmt" count="14"/>
      <line num="115" type="stmt" count="14"/>
      <line num="122" type="method" name="setNavigationArray" visibility="public" complexity="2" crap="2" count="14"/>
      <line num="124" type="stmt" count="14"/>
      <line num="125" type="stmt" count="14"/>
      <line num="127" type="stmt" count="14"/>
      <line num="134" type="method" name="getNavigationArray" visibility="public" complexity="1" crap="1" count="14"/>
      <line num="136" type="stmt" count="14"/>
      <line num="144" type="method" name="setCurrentURL" visibility="public" complexity="2" crap="2" count="14"/>
      <line num="146" type="stmt" count="14"/>
      <line num="147" type="stmt" count="14"/>
      <line num="148" type="stmt" count="14"/>
      <line num="150" type="stmt" count="14"/>
      <line num="157" type="method" name="getCurrentURL" visibility="public" complexity="1" crap="1" count="2"/>
      <line num="159" type="stmt" count="2"/>
      <line num="167" type="method" name="setActiveClass" visibility="public" complexity="2" crap="2" count="2"/>
      <line num="169" type="stmt" count="2"/>
      <line num="170" type="stmt" count="2"/>
      <line num="172" type="stmt" count="2"/>
      <line num="179" type="method" name="getActiveClass" visibility="public" complexity="1" crap="1" count="2"/>
      <line num="181" type="stmt" count="2"/>
      <line num="189" type="method" name="setNavigationClass" visibility="public" complexity="2" crap="2" count="2"/>
      <line num="191" type="stmt" count="2"/>
      <line num="192" type="stmt" count="2"/>
      <line num="194" type="stmt" count="2"/>
      <line num="201" type="method" name="getNavigationClass" visibility="public" complexity="1" crap="1" count="2"/>
      <line num="203" type="stmt" count="2"/>
      <line num="211" type="method" name="setNavigationID" visibility="public" complexity="2" crap="2" count="2"/>
      <line num="213" type="stmt" count="2"/>
      <line num="214" type="stmt" count="2"/>
      <line num="216" type="stmt" count="2"/>
      <line num="223" type="method" name="getNavigationID" visibility="public" complexity="2" crap="2" count="2"/>
      <line num="225" type="stmt" count="2"/>
      <line num="226" type="stmt" count="2"/>
      <line num="228" type="stmt" count="2"/>
      <line num="236" type="method" name="setDropDownClass" visibility="public" complexity="2" crap="2" count="2"/>
      <line num="238" type="stmt" count="2"/>
      <line num="239" type="stmt" count="2"/>
      <line num="241" type="stmt" count="2"/>
      <line num="248" type="method" name="getDropDownClass" visibility="public" complexity="2" crap="2" count="2"/>
      <line num="250" type="stmt" count="2"/>
      <line num="251" type="stmt" count="2"/>
      <line num="253" type="stmt" count="2"/>
      <line num="261" type="method" name="setBreadcrumbSeparator" visibility="public" complexity="2" crap="2" count="2"/>
      <line num="263" type="stmt" count="2"/>
      <line num="264" type="stmt" count="2"/>
      <line num="266" type="stmt" count="2"/>
      <line num="273" type="method" name="getBreadcrumbSeparator" visibility="public" complexity="1" crap="1" count="2"/>
      <line num="275" type="stmt" count="2"/>
      <line num="283" type="method" name="setBreadcrumbElement" visibility="public" complexity="2" crap="6" count="0"/>
      <line num="285" type="stmt" count="0"/>
      <line num="286" type="stmt" count="0"/>
      <line num="288" type="stmt" count="0"/>
      <line num="295" type="method" name="getBreadcrumbElement" visibility="public" complexity="2" crap="6" count="0"/>
      <line num="297" type="stmt" count="0"/>
      <line num="298" type="stmt" count="0"/>
      <line num="300" type="stmt" count="0"/>
      <line num="308" type="method" name="setLinkTextWrapElement" visibility="public" complexity="2" crap="6" count="0"/>
      <line num="310" type="stmt" count="0"/>
      <line num="311" type="stmt" count="0"/>
      <line num="313" type="stmt" count="0"/>
      <line num="320" type="method" name="getLinkTextWrapElement" visibility="public" complexity="1" crap="2" count="0"/>
      <line num="322" type="stmt" count="0"/>
      <line num="330" type="method" name="setLinkTextWrapTLOnly" visibility="public" complexity="1" crap="2" count="0"/>
      <line num="332" type="stmt" count="0"/>
      <line num="333" type="stmt" count="0"/>
      <line num="340" type="method" name="getLinkTextWrapTLOnly" visibility="public" complexity="1" crap="2" count="0"/>
      <line num="342" type="stmt" count="0"/>
      <line num="348" type="method" name="getCurrent" visibility="protected" complexity="5" crap="5.01" count="14"/>
      <line num="350" type="stmt" count="14"/>
      <line num="351" type="stmt" count="14"/>
      <line num="352" type="stmt" count="14"/>
      <line num="353" type="stmt" count="14"/>
      <line num="354" type="stmt" count="14"/>
      <line num="355" type="stmt" count="14"/>
      <line num="356" type="stmt" count="14"/>
      <line num="357" type="stmt" count="14"/>
      <line num="359" type="stmt" count="14"/>
      <line num="360" type="stmt" count="14"/>
      <line num="364" type="stmt" count="14"/>
      <line num="365" type="stmt" count="0"/>
      <line num="367" type="stmt" count="14"/>
      <line num="373" type="method" name="getCurrentItems" visibility="public" complexity="1" crap="2" count="0"/>
      <line num="375" type="stmt" count="0"/>
      <line num="384" type="method" name="createNavigation" visibility="public" complexity="12" crap="156" count="0"/>
      <line num="386" type="stmt" count="0"/>
      <line num="387" type="stmt" count="0"/>
      <line num="388" type="stmt" count="0"/>
      <line num="389" type="stmt" count="0"/>
      <line num="390" type="stmt" count="0"/>
      <line num="391" type="stmt" count="0"/>
      <line num="392" type="stmt" count="0"/>
      <line num="393" type="stmt" count="0"/>
      <line num="394" type="stmt" count="0"/>
      <line num="395" type="stmt" count="0"/>
      <line num="397" type="stmt" count="0"/>
      <line num="400" type="stmt" count="0"/>
      <line num="401" type="stmt" count="0"/>
      <line num="403" type="stmt" count="0"/>
      <line num="404" type="stmt" count="0"/>
      <line num="406" type="stmt" count="0"/>
      <line num="417" type="method" name="createBreadcrumb" visibility="public" complexity="14" crap="210" count="0"/>
      <line num="419" type="stmt" count="0"/>
      <line num="420" type="stmt" count="0"/>
      <line num="421" type="stmt" count="0"/>
      <line num="423" type="stmt" count="0"/>
      <line num="424" type="stmt" count="0"/>
      <line num="425" type="stmt" count="0"/>
      <line num="426" type="stmt" count="0"/>
      <line num="427" type="stmt" count="0"/>
      <line num="429" type="stmt" count="0"/>
      <line num="432" type="stmt" count="0"/>
      <line num="434" type="stmt" count="0"/>
      <line num="444" type="method" name="createAdditionalBreadcrumbItems" visibility="protected" complexity="9" crap="90" count="0"/>
      <line num="446" type="stmt" count="0"/>
      <line num="447" type="stmt" count="0"/>
      <line num="448" type="stmt" count="0"/>
      <line num="449" type="stmt" count="0"/>
      <line num="450" type="stmt" count="0"/>
      <line num="451" type="stmt" count="0"/>
      <line num="453" type="stmt" count="0"/>
      <line num="457" type="stmt" count="0"/>
      <line num="467" type="method" name="displayBreadcrumbItem" visibility="protected" complexity="4" crap="20" count="0"/>
      <line num="469" type="stmt" count="0"/>
      <line num="480" type="method" name="buildMenu" visibility="protected" complexity="8" crap="72" count="0"/>
      <line num="482" type="stmt" count="0"/>
      <line num="484" type="stmt" count="0"/>
      <line num="485" type="stmt" count="0"/>
      <line num="486" type="stmt" count="0"/>
      <line num="488" type="stmt" count="0"/>
      <line num="489" type="stmt" count="0"/>
      <line num="492" type="stmt" count="0"/>
      <line num="500" type="method" name="nextItem" visibility="protected" complexity="3" crap="12" count="0"/>
      <line num="502" type="stmt" count="0"/>
      <line num="503" type="stmt" count="0"/>
      <line num="505" type="stmt" count="0"/>
      <line num="507" type="stmt" count="0"/>
      <line num="517" type="method" name="buildItem" visibility="protected" complexity="14" crap="210" count="0"/>
      <line num="519" type="stmt" count="0"/>
      <line num="520" type="stmt" count="0"/>
      <line num="521" type="stmt" count="0"/>
      <line num="523" type="stmt" count="0"/>
      <line num="524" type="stmt" count="0"/>
      <line num="525" type="stmt" count="0"/>
      <line num="526" type="stmt" count="0"/>
      <line num="527" type="stmt" count="0"/>
      <line num="530" type="stmt" count="0"/>
      <line num="531" type="stmt" count="0"/>
      <line num="533" type="stmt" count="0"/>
      <line num="535" type="stmt" count="0"/>
      <line num="536" type="stmt" count="0"/>
      <line num="539" type="stmt" count="0"/>
      <line num="540" type="stmt" count="0"/>
      <line num="541" type="stmt" count="0"/>
      <line num="543" type="stmt" count="0"/>
      <line num="548" type="method" name="closeLevel" visibility="protected" complexity="1" crap="2" count="0"/>
      <line num="550" type="stmt" count="0"/>
      <line num="551" type="stmt" count="0"/>
      <line num="559" type="method" name="createLinkItem" visibility="protected" complexity="10" crap="110" count="0"/>
      <line num="561" type="stmt" count="0"/>
      <line num="562" type="stmt" count="0"/>
      <line num="564" type="stmt" count="0"/>
      <line num="566" type="stmt" count="0"/>
      <line num="567" type="stmt" count="0"/>
      <line num="569" type="stmt" count="0"/>
      <line num="571" type="stmt" count="0"/>
      <line num="572" type="stmt" count="0"/>
      <line num="581" type="method" name="textWrap" visibility="protected" complexity="4" crap="20" count="0"/>
      <line num="583" type="stmt" count="0"/>
      <line num="584" type="stmt" count="0"/>
      <line num="586" type="stmt" count="0"/>
      <line num="595" type="method" name="checkLinkOffsetMatch" visibility="protected" complexity="3" crap="12" count="0"/>
      <line num="597" type="stmt" count="0"/>
      <line num="598" type="stmt" count="0"/>
      <line num="599" type="stmt" count="0"/>
      <line num="602" type="stmt" count="0"/>
      <line num="609" type="method" name="parseArray" visibility="protected" complexity="3" crap="3" count="14"/>
      <line num="611" type="stmt" count="14"/>
      <line num="612" type="stmt" count="14"/>
      <line num="614" type="stmt" count="14"/>
      <line num="621" type="method" name="isBreadcrumbList" visibility="protected" complexity="3" crap="12" count="0"/>
      <line num="623" type="stmt" count="0"/>
      <line num="624" type="stmt" count="0"/>
      <line num="626" type="stmt" count="0"/>
      <metrics loc="628" ncloc="383" classes="1" methods="36" coveredmethods="16" conditionals="0" coveredconditionals="0" statements="150" coveredstatements="51" elements="186" coveredelements="67"/>
    </file>
    <file name="Z:\wamp\www\repositories\Navigation\src\Operators\Check.php">
      <class name="Nav\Operators\Check" namespace="global">
        <metrics complexity="11" methods="5" coveredmethods="1" conditionals="0" coveredconditionals="0" statements="15" coveredstatements="3" elements="20" coveredelements="4"/>
      </class>
      <line num="14" type="method" name="checkIfSet" visibility="public" complexity="2" crap="6" count="0"/>
      <line num="16" type="stmt" count="0"/>
      <line num="17" type="stmt" count="0"/>
      <line num="19" type="stmt" count="0"/>
      <line num="29" type="method" name="checkIfEmpty" visibility="public" complexity="2" crap="6" count="0"/>
      <line num="31" type="stmt" count="0"/>
      <line num="32" type="stmt" count="0"/>
      <line num="34" type="stmt" count="0"/>
      <line num="42" type="method" name="checkIfStringSet" visibility="public" complexity="3" crap="3" count="4"/>
      <line num="44" type="stmt" count="4"/>
      <line num="45" type="stmt" count="4"/>
      <line num="47" type="stmt" count="4"/>
      <line num="58" type="method" name="checkIfGreaterThan" visibility="public" complexity="2" crap="6" count="0"/>
      <line num="60" type="stmt" count="0"/>
      <line num="61" type="stmt" count="0"/>
      <line num="63" type="stmt" count="0"/>
      <line num="66" type="method" name="checkIfGreaterThanEqual" visibility="public" complexity="2" crap="6" count="0"/>
      <line num="68" type="stmt" count="0"/>
      <line num="69" type="stmt" count="0"/>
      <line num="71" type="stmt" count="0"/>
      <metrics loc="73" ncloc="46" classes="1" methods="5" coveredmethods="1" conditionals="0" coveredconditionals="0" statements="15" coveredstatements="3" elements="20" coveredelements="4"/>
    </file>
    <metrics files="3" loc="881" ncloc="596" classes="3" methods="52" coveredmethods="17" conditionals="0" coveredconditionals="0" statements="249" coveredstatements="54" elements="301" coveredelements="71"/>
  </project>
</coverage>
